[INFO ] [2023-04-15 20:57:30,005] 1.Hover on marketplace tab
[INFO ] [2023-04-15 20:57:30,005] 2.Click on Carbon credits button > verify title and picture cover
[INFO ] [2023-04-15 20:57:30,005] 3.Click button [BUY] > verify title
[INFO ] [2023-04-15 20:57:30,006] 4.Click on button [Continue] > verify title
[INFO ] [2023-04-15 20:57:30,006] 5.Click on [Agree and Continue] button
[INFO ] [2023-04-15 20:57:30,006] 6.Click on [Bank Transfer] button
[INFO ] [2023-04-15 20:57:30,006] 7.Input into all textbox input
[INFO ] [2023-04-15 20:57:30,007] 8.Click on [Pay] button
[INFO ] [2023-04-15 20:57:30,007] 9. Click on [Next] button
[INFO ] [2023-04-15 20:57:30,007] 10. Click on [See transaction on Etherscan] button > check link redirected
[INFO ] [2023-04-15 21:52:29,298] 1.Hover on marketplace tab
[INFO ] [2023-04-15 21:52:29,299] 2.Click on Carbon credits button > verify title and picture cover
[INFO ] [2023-04-15 21:52:29,300] 3.Click button [BUY] > verify title
[INFO ] [2023-04-15 21:52:29,300] 4.Click on button [Continue] > verify title
[INFO ] [2023-04-15 21:52:29,300] 5.Click on [Agree and Continue] button
[INFO ] [2023-04-15 21:52:29,300] 6.Click on [Bank Transfer] button
[INFO ] [2023-04-15 21:52:29,300] 7.Input into all textbox input
[INFO ] [2023-04-15 21:52:29,300] 8.Click on [Pay] button
[INFO ] [2023-04-15 21:52:29,300] 9. Click on [Next] button
[INFO ] [2023-04-15 21:52:29,300] 10. Click on [See transaction on Etherscan] button > check link redirected
